Starting Dynare (version 4.5.6).
Starting preprocessing of the model file ...
Found 13 equation(s).
Evaluating expressions...done
Computing static model derivatives:
 - order 1
Computing dynamic model derivatives:
 - order 1
Processing outputs ...
done
Preprocessing completed.




Residuals of the static equations:

Equation number 1 : NaN
Equation number 2 : NaN
Equation number 3 : NaN
Equation number 4 : NaN
Equation number 5 : NaN
Equation number 6 : NaN
Equation number 7 : NaN
Equation number 8 : NaN
Equation number 9 : NaN
Equation number 10 : NaN
Equation number 11 : NaN
Equation number 12 : NaN
Equation number 13 : NaN


{Error using <a href="matlab:matlab.internal.language.introspective.errorDocCallback('print_info', '/Applications/Dynare/4.5.6/matlab/print_info.m', 90)" style="font-weight:bold">print_info</a> (<a href="matlab: opentoline('/Applications/Dynare/4.5.6/matlab/print_info.m',90,0)">line 90</a>)
The steady state contains NaN or Inf

Error in <a href="matlab:matlab.internal.language.introspective.errorDocCallback('steady', '/Applications/Dynare/4.5.6/matlab/steady.m', 104)" style="font-weight:bold">steady</a> (<a href="matlab: opentoline('/Applications/Dynare/4.5.6/matlab/steady.m',104,0)">line 104</a>)
    print_info(info,options_.noprint, options_);

Error in <a href="matlab:matlab.internal.language.introspective.errorDocCallback('JQ', '/Users/vitocormun 1/Desktop/Literature/Sentiments/KM/JQ.m', 194)" style="font-weight:bold">JQ</a> (<a href="matlab: opentoline('/Users/vitocormun 1/Desktop/Literature/Sentiments/KM/JQ.m',194,0)">line 194</a>)
steady;

Error in <a href="matlab:matlab.internal.language.introspective.errorDocCallback('dynare', '/Applications/Dynare/4.5.6/matlab/dynare.m', 235)" style="font-weight:bold">dynare</a> (<a href="matlab: opentoline('/Applications/Dynare/4.5.6/matlab/dynare.m',235,0)">line 235</a>)
evalin('base',fname) ;
} 
dynare JQ.mod

Configuring Dynare ...
[mex] Generalized QZ.
[mex] Sylvester equation solution.
[mex] Kronecker products.
[mex] Sparse kronecker products.
[mex] Local state space iteration (second order).
[mex] Bytecode evaluation.
[mex] k-order perturbation solver.
[mex] k-order solution simulation.
[mex] Quasi Monte-Carlo sequence (Sobol).
[mex] Markov Switching SBVAR.

Using 64-bit preprocessor
Starting Dynare (version 4.5.6).
Starting preprocessing of the model file ...
Found 13 equation(s).
Evaluating expressions...done
Computing static model derivatives:
 - order 1
Computing dynamic model derivatives:
 - order 1
Processing outputs ...
done
Preprocessing completed.

