Starting Dynare (version 4.5.4).
Starting preprocessing of the model file ...
Found 5 equation(s).
Evaluating expressions...done
Computing static model derivatives:
 - order 1
Computing dynamic model derivatives:
 - order 1
Processing outputs ...
done
Preprocessing completed.




Residuals of the static equations:

Equation number 1 : NaN
Equation number 2 : NaN
Equation number 3 : NaN
Equation number 4 : NaN
Equation number 5 : NaN


{Error using <a href="matlab:matlab.internal.language.introspective.errorDocCallback('print_info', 'c:\dynare\4.5.4\matlab\print_info.m', 90)" style="font-weight:bold">print_info</a> (<a href="matlab: opentoline('c:\dynare\4.5.4\matlab\print_info.m',90,0)">line 90</a>)
The steady state contains NaN or Inf

Error in <a href="matlab:matlab.internal.language.introspective.errorDocCallback('steady', 'c:\dynare\4.5.4\matlab\steady.m', 104)" style="font-weight:bold">steady</a> (<a href="matlab: opentoline('c:\dynare\4.5.4\matlab\steady.m',104,0)">line 104</a>)
    print_info(info,options_.noprint, options_);

Error in <a href="matlab:matlab.internal.language.introspective.errorDocCallback('BGP_Jan2019', 'C:\Users\th3\Documents\Noise_Over_Cycles\Dynare\BGP_Jan2019.m', 184)" style="font-weight:bold">BGP_Jan2019</a> (<a href="matlab: opentoline('C:\Users\th3\Documents\Noise_Over_Cycles\Dynare\BGP_Jan2019.m',184,0)">line 184</a>)
steady;

Error in <a href="matlab:matlab.internal.language.introspective.errorDocCallback('dynare', 'c:\dynare\4.5.4\matlab\dynare.m', 223)" style="font-weight:bold">dynare</a> (<a href="matlab: opentoline('c:\dynare\4.5.4\matlab\dynare.m',223,0)">line 223</a>)
evalin('base',fname) ;

Error in <a href="matlab:matlab.internal.language.introspective.errorDocCallback('run_file', 'C:\Users\th3\Documents\Noise_Over_Cycles\Dynare\run_file.m', 7)" style="font-weight:bold">run_file</a> (<a href="matlab: opentoline('C:\Users\th3\Documents\Noise_Over_Cycles\Dynare\run_file.m',7,0)">line 7</a>)
dynare BGP_Jan2019
} 
