Starting Dynare (version 4.5.4).
Starting preprocessing of the model file ...
Found 13 equation(s).
Evaluating expressions...done
Computing static model derivatives:
 - order 1
Computing dynamic model derivatives:
 - order 1
Processing outputs ...
done
Preprocessing completed.




Residuals of the static equations:

Equation number 1 : NaN
Equation number 2 : NaN
Equation number 3 : NaN
Equation number 4 : NaN
Equation number 5 : NaN
Equation number 6 : NaN
Equation number 7 : NaN
Equation number 8 : NaN
Equation number 9 : NaN
Equation number 10 : NaN
Equation number 11 : NaN
Equation number 12 : NaN
Equation number 13 : NaN


{Error using <a href="matlab:matlab.internal.language.introspective.errorDocCallback('print_info', 'c:\dynare\4.5.4\matlab\print_info.m', 90)" style="font-weight:bold">print_info</a> (<a href="matlab: opentoline('c:\dynare\4.5.4\matlab\print_info.m',90,0)">line 90</a>)
The steady state contains NaN or Inf

Error in <a href="matlab:matlab.internal.language.introspective.errorDocCallback('steady', 'c:\dynare\4.5.4\matlab\steady.m', 104)" style="font-weight:bold">steady</a> (<a href="matlab: opentoline('c:\dynare\4.5.4\matlab\steady.m',104,0)">line 104</a>)
    print_info(info,options_.noprint, options_);

Error in <a href="matlab:matlab.internal.language.introspective.errorDocCallback('BP2004_extension', 'C:\Users\th3\Documents\Noise_Over_Cycles\Dynare\BP2004_extension.m', 255)" style="font-weight:bold">BP2004_extension</a> (<a href="matlab: opentoline('C:\Users\th3\Documents\Noise_Over_Cycles\Dynare\BP2004_extension.m',255,0)">line 255</a>)
steady;

Error in <a href="matlab:matlab.internal.language.introspective.errorDocCallback('dynare', 'c:\dynare\4.5.4\matlab\dynare.m', 223)" style="font-weight:bold">dynare</a> (<a href="matlab: opentoline('c:\dynare\4.5.4\matlab\dynare.m',223,0)">line 223</a>)
evalin('base',fname) ;

Error in <a href="matlab:matlab.internal.language.introspective.errorDocCallback('run_file', 'C:\Users\th3\Documents\Noise_Over_Cycles\Dynare\run_file.m', 7)" style="font-weight:bold">run_file</a> (<a href="matlab: opentoline('C:\Users\th3\Documents\Noise_Over_Cycles\Dynare\run_file.m',7,0)">line 7</a>)
dynare BP2004_extension
} 
run_file

Configuring Dynare ...
[mex] Generalized QZ.
[mex] Sylvester equation solution.
[mex] Kronecker products.
[mex] Sparse kronecker products.
[mex] Local state space iteration (second order).
[mex] Bytecode evaluation.
[mex] k-order perturbation solver.
[mex] k-order solution simulation.
[mex] Quasi Monte-Carlo sequence (Sobol).
[mex] Markov Switching SBVAR.

Using 64-bit preprocessor
Starting Dynare (version 4.5.4).
Starting preprocessing of the model file ...
Found 13 equation(s).
Evaluating expressions...done
Computing static model derivatives:
 - order 1
Computing dynamic model derivatives:
 - order 1
Processing outputs ...
done
Preprocessing completed.





Residuals of the static equations:

Equation number 1 : NaN
Equation number 2 : NaN
Equation number 3 : NaN
Equation number 4 : NaN
Equation number 5 : NaN
Equation number 6 : NaN
Equation number 7 : NaN
Equation number 8 : NaN
Equation number 9 : NaN
Equation number 10 : NaN
Equation number 11 : NaN
Equation number 12 : NaN
Equation number 13 : NaN


{Error using <a href="matlab:matlab.internal.language.introspective.errorDocCallback('print_info', 'c:\dynare\4.5.4\matlab\print_info.m', 90)" style="font-weight:bold">print_info</a> (<a href="matlab: opentoline('c:\dynare\4.5.4\matlab\print_info.m',90,0)">line 90</a>)
The steady state contains NaN or Inf

Error in <a href="matlab:matlab.internal.language.introspective.errorDocCallback('steady', 'c:\dynare\4.5.4\matlab\steady.m', 104)" style="font-weight:bold">steady</a> (<a href="matlab: opentoline('c:\dynare\4.5.4\matlab\steady.m',104,0)">line 104</a>)
    print_info(info,options_.noprint, options_);

Error in <a href="matlab:matlab.internal.language.introspective.errorDocCallback('BP2004_extension', 'C:\Users\th3\Documents\Noise_Over_Cycles\Dynare\BP2004_extension.m', 256)" style="font-weight:bold">BP2004_extension</a> (<a href="matlab: opentoline('C:\Users\th3\Documents\Noise_Over_Cycles\Dynare\BP2004_extension.m',256,0)">line 256</a>)
steady;

Error in <a href="matlab:matlab.internal.language.introspective.errorDocCallback('dynare', 'c:\dynare\4.5.4\matlab\dynare.m', 223)" style="font-weight:bold">dynare</a> (<a href="matlab: opentoline('c:\dynare\4.5.4\matlab\dynare.m',223,0)">line 223</a>)
evalin('base',fname) ;

Error in <a href="matlab:matlab.internal.language.introspective.errorDocCallback('run_file', 'C:\Users\th3\Documents\Noise_Over_Cycles\Dynare\run_file.m', 7)" style="font-weight:bold">run_file</a> (<a href="matlab: opentoline('C:\Users\th3\Documents\Noise_Over_Cycles\Dynare\run_file.m',7,0)">line 7</a>)
dynare BP2004_extension
} 
run_file

Configuring Dynare ...
[mex] Generalized QZ.
[mex] Sylvester equation solution.
[mex] Kronecker products.
[mex] Sparse kronecker products.
[mex] Local state space iteration (second order).
[mex] Bytecode evaluation.
[mex] k-order perturbation solver.
[mex] k-order solution simulation.
[mex] Quasi Monte-Carlo sequence (Sobol).
[mex] Markov Switching SBVAR.

Using 64-bit preprocessor
Starting Dynare (version 4.5.4).
Starting preprocessing of the model file ...
Found 10 equation(s).
Evaluating expressions...done
Computing static model derivatives:
 - order 1
Computing dynamic model derivatives:
 - order 1
Processing outputs ...
done
Preprocessing completed.

